<?xml version="1.0" encoding="UTF-8"?>
<testng-results ignored="0" total="2" passed="2" failed="0" skipped="0">
  <reporter-output>
  </reporter-output>
  <suite started-at="2019-08-28T16:49:58 IST" name="Default suite" finished-at="2019-08-28T16:50:14 IST" duration-ms="16437">
    <groups>
    </groups>
    <test started-at="2019-08-28T16:49:58 IST" name="Default test" finished-at="2019-08-28T16:50:14 IST" duration-ms="16437">
      <class name="postmethods">
        <test-method signature="getAllQuestions()[pri:0, instance:postmethods@4387b79e]" started-at="2019-08-28T16:49:58 IST" name="getAllQuestions" finished-at="2019-08-28T16:50:12 IST" duration-ms="13698" status="PASS">
          <reporter-output>
          </reporter-output>
        </test-method> <!-- getAllQuestions -->
        <test-method signature="postLogin()[pri:0, instance:postmethods@4387b79e]" started-at="2019-08-28T16:50:12 IST" name="postLogin" finished-at="2019-08-28T16:50:14 IST" duration-ms="2644" status="PASS">
          <reporter-output>
          </reporter-output>
        </test-method> <!-- postLogin -->
      </class> <!-- postmethods -->
    </test> <!-- Default test -->
  </suite> <!-- Default suite -->
</testng-results>
